<?xml version="1.0" encoding="UTF-8"?>
<!-- Generated by org.testng.reporters.JUnitReportReporter -->
<testsuite hostname="INDHYDMMKTECHTEMPC-207" failures="0" tests="2" name="com.APIAutomation7xBatchPractice.sep23rd.GetUpdatedBookingDetails" time="2.208" errors="0" timestamp="2024-09-24T14:10:02 IST" skipped="0">
  <testcase classname="com.APIAutomation7xBatchPractice.sep23rd.GetUpdatedBookingDetails" name="getUpdatedBookingDetails" time="1.105"/>
  <testcase classname="com.APIAutomation7xBatchPractice.sep23rd.GetUpdatedBookingDetails" name="getUpdatedBookingDetails" time="1.103"/>
</testsuite> <!-- com.APIAutomation7xBatchPractice.sep23rd.GetUpdatedBookingDetails -->
