<?xml version="1.0" encoding="UTF-8"?>
<!-- Generated by org.testng.reporters.JUnitReportReporter -->
<testsuite hostname="INDHYDMMKTECHTEMPC-207" failures="0" tests="2" name="com.APIAutomation7xBatchPractice.sep23rd.GetDeletedBookingDetails" time="2.232" errors="0" timestamp="2024-09-24T14:10:02 IST" skipped="0">
  <testcase classname="com.APIAutomation7xBatchPractice.sep23rd.GetDeletedBookingDetails" name="getDeletedBookingDetails" time="1.119"/>
  <testcase classname="com.APIAutomation7xBatchPractice.sep23rd.GetDeletedBookingDetails" name="getDeletedBookingDetails" time="1.113"/>
</testsuite> <!-- com.APIAutomation7xBatchPractice.sep23rd.GetDeletedBookingDetails -->
