<?xml version="1.0" encoding="UTF-8"?>
<!-- Generated by org.testng.reporters.JUnitReportReporter -->
<testsuite hostname="DeepakMamidi" failures="0" tests="3" name="com.APIAutomation7xBatchPractice.sep23rd.DeleteCreatedBooking" time="4.033" errors="0" timestamp="2024-09-25T20:56:13 IST" skipped="0">
  <testcase classname="com.APIAutomation7xBatchPractice.sep23rd.DeleteCreatedBooking" name="deleteCreateBooking" time="1.345"/>
  <testcase classname="com.APIAutomation7xBatchPractice.sep23rd.DeleteCreatedBooking" name="deleteCreateBooking" time="1.376"/>
  <testcase classname="com.APIAutomation7xBatchPractice.sep23rd.DeleteCreatedBooking" name="deleteCreateBooking" time="1.312"/>
</testsuite> <!-- com.APIAutomation7xBatchPractice.sep23rd.DeleteCreatedBooking -->
