<?xml version="1.0" encoding="UTF-8"?>
<!-- Generated by org.testng.reporters.JUnitReportReporter -->
<testsuite hostname="INDHYDMMKTECHTEMPC-207" failures="0" tests="2" name="com.APIAutomation7xBatchPractice.sep23rd.GetDeletedBookingDetails" time="2.214" errors="0" timestamp="2024-09-25T17:49:28 IST" skipped="0">
  <testcase classname="com.APIAutomation7xBatchPractice.sep23rd.GetDeletedBookingDetails" name="getDeletedBookingDetails" time="1.120"/>
  <testcase classname="com.APIAutomation7xBatchPractice.sep23rd.GetDeletedBookingDetails" name="getDeletedBookingDetails" time="1.094"/>
</testsuite> <!-- com.APIAutomation7xBatchPractice.sep23rd.GetDeletedBookingDetails -->
