<?xml version="1.0" encoding="UTF-8"?>
<!-- Generated by org.testng.reporters.JUnitReportReporter -->
<testsuite hostname="INDHYDMMKTECHTEMPC-207" failures="0" tests="3" name="com.APIAutomation7xBatchPractice.sep23rd.GetCreatedBookingDetails" time="3.348" errors="0" timestamp="2024-09-24T14:10:01 IST" skipped="0">
  <testcase classname="com.APIAutomation7xBatchPractice.sep23rd.GetCreatedBookingDetails" name="getCreatedBookingDetails" time="1.127"/>
  <testcase classname="com.APIAutomation7xBatchPractice.sep23rd.GetCreatedBookingDetails" name="getCreatedBookingDetails" time="1.121"/>
  <testcase classname="com.APIAutomation7xBatchPractice.sep23rd.GetCreatedBookingDetails" name="getCreatedBookingDetails" time="1.100"/>
</testsuite> <!-- com.APIAutomation7xBatchPractice.sep23rd.GetCreatedBookingDetails -->
