<?xml version="1.0" encoding="UTF-8"?>
<!-- Generated by org.testng.reporters.JUnitReportReporter -->
<testsuite hostname="DeepakMamidi" failures="0" tests="2" name="com.APIAutomation7xBatchPractice.sep23rd.GetDeletedBookingDetails" time="2.720" errors="0" timestamp="2024-09-25T20:56:13 IST" skipped="0">
  <testcase classname="com.APIAutomation7xBatchPractice.sep23rd.GetDeletedBookingDetails" name="getDeletedBookingDetails" time="1.352"/>
  <testcase classname="com.APIAutomation7xBatchPractice.sep23rd.GetDeletedBookingDetails" name="getDeletedBookingDetails" time="1.368"/>
</testsuite> <!-- com.APIAutomation7xBatchPractice.sep23rd.GetDeletedBookingDetails -->
