<?xml version="1.0" encoding="UTF-8"?>
<!-- Generated by org.testng.reporters.JUnitReportReporter -->
<testsuite hostname="INDHYDMMKTECHTEMPC-207" failures="0" tests="3" name="com.APIAutomation7xBatchPractice.sep23rd.DeleteCreatedBooking" time="3.320" errors="0" timestamp="2024-09-25T17:49:28 IST" skipped="0">
  <testcase classname="com.APIAutomation7xBatchPractice.sep23rd.DeleteCreatedBooking" name="deleteCreateBooking" time="1.118"/>
  <testcase classname="com.APIAutomation7xBatchPractice.sep23rd.DeleteCreatedBooking" name="deleteCreateBooking" time="1.094"/>
  <testcase classname="com.APIAutomation7xBatchPractice.sep23rd.DeleteCreatedBooking" name="deleteCreateBooking" time="1.108"/>
</testsuite> <!-- com.APIAutomation7xBatchPractice.sep23rd.DeleteCreatedBooking -->
