<?xml version="1.0" encoding="UTF-8"?>
<!-- Generated by org.testng.reporters.JUnitReportReporter -->
<testsuite hostname="INDHYDMMKTECHTEMPC-207" failures="0" tests="3" name="com.APIAutomation7xBatchPractice.sep23rd.CreateBooking" time="3.451" errors="0" timestamp="2024-09-24T14:10:02 IST" skipped="0">
  <testcase classname="com.APIAutomation7xBatchPractice.sep23rd.CreateBooking" name="getBookingId" time="1.156"/>
  <testcase classname="com.APIAutomation7xBatchPractice.sep23rd.CreateBooking" name="getBookingId" time="1.161"/>
  <testcase classname="com.APIAutomation7xBatchPractice.sep23rd.CreateBooking" name="getBookingId" time="1.134"/>
</testsuite> <!-- com.APIAutomation7xBatchPractice.sep23rd.CreateBooking -->
